{
  "RSpec": {
    "coverage": {
      "/Users/john/Projects/WDi24-Homework/john_coote/week_10/day_02/fruistore/config/environment.rb": [
        null,
        1,
        null,
        null,
        1
      ],
      "/Users/john/Projects/WDi24-Homework/john_coote/week_10/day_02/fruistore/config/application.rb": [
        1,
        null,
        1,
        null,
        1,
        1,
        1,
        1,
        1,
        1,
        1,
        1,
        null,
        null,
        null,
        null,
        1,
        null,
        1,
        1,
        null,
        1,
        null,
        null,
        null,
        null,
        null,
        null,
        1,
        null,
        null
      ],
      "/Users/john/Projects/WDi24-Homework/john_coote/week_10/day_02/fruistore/config/boot.rb": [
        1,
        null,
        1
      ],
      "/Users/john/Projects/WDi24-Homework/john_coote/week_10/day_02/fruistore/config/environments/test.rb": [
        1,
        null,
        null,
        null,
        null,
        null,
        null,
        1,
        null,
        null,
        null,
        null,
        1,
        null,
        null,
        1,
        1,
        null,
        null,
        null,
        null,
        1,
        1,
        null,
        null,
        1,
        null,
        null,
        1,
        1,
        null,
        null,
        null,
        null,
        1,
        null,
        null,
        1,
        null,
        null,
        null,
        null
      ],
      "/Users/john/Projects/WDi24-Homework/john_coote/week_10/day_02/fruistore/config/initializers/application_controller_renderer.rb": [
        null,
        null,
        null,
        null,
        null,
        null,
        null,
        null
      ],
      "/Users/john/Projects/WDi24-Homework/john_coote/week_10/day_02/fruistore/config/initializers/assets.rb": [
        null,
        null,
        null,
        1,
        null,
        null,
        null,
        null,
        1,
        null,
        null,
        null,
        null,
        null
      ],
      "/Users/john/Projects/WDi24-Homework/john_coote/week_10/day_02/fruistore/config/initializers/backtrace_silencers.rb": [
        null,
        null,
        null,
        null,
        null,
        null,
        null
      ],
      "/Users/john/Projects/WDi24-Homework/john_coote/week_10/day_02/fruistore/config/initializers/cookies_serializer.rb": [
        null,
        null,
        null,
        null,
        1
      ],
      "/Users/john/Projects/WDi24-Homework/john_coote/week_10/day_02/fruistore/config/initializers/filter_parameter_logging.rb": [
        null,
        null,
        null,
        1
      ],
      "/Users/john/Projects/WDi24-Homework/john_coote/week_10/day_02/fruistore/config/initializers/inflections.rb": [
        null,
        null,
        null,
        null,
        null,
        null,
        null,
        null,
        null,
        null,
        null,
        null,
        null,
        null,
        null,
        null
      ],
      "/Users/john/Projects/WDi24-Homework/john_coote/week_10/day_02/fruistore/config/initializers/mime_types.rb": [
        null,
        null,
        null,
        null
      ],
      "/Users/john/Projects/WDi24-Homework/john_coote/week_10/day_02/fruistore/config/initializers/wrap_parameters.rb": [
        null,
        null,
        null,
        null,
        null,
        null,
        1,
        2,
        null,
        null,
        null,
        null,
        null,
        null
      ],
      "/Users/john/Projects/WDi24-Homework/john_coote/week_10/day_02/fruistore/config/routes.rb": [
        null,
        null,
        null,
        null,
        null,
        null,
        null,
        null,
        null,
        null,
        null,
        null,
        1,
        null,
        null,
        1,
        null
      ],
      "/Users/john/Projects/WDi24-Homework/john_coote/week_10/day_02/fruistore/app/helpers/application_helper.rb": [
        1,
        null
      ],
      "/Users/john/Projects/WDi24-Homework/john_coote/week_10/day_02/fruistore/app/helpers/fruits_helper.rb": [
        1,
        null
      ],
      "/Users/john/Projects/WDi24-Homework/john_coote/week_10/day_02/fruistore/app/controllers/fruits_controller.rb": [
        1,
        1,
        6,
        null,
        6,
        6,
        9,
        null,
        null,
        null,
        null,
        null,
        null,
        null,
        null,
        null,
        null,
        null,
        null,
        1,
        4,
        4,
        4,
        null,
        0,
        null,
        null,
        null,
        null,
        1,
        0,
        null,
        null,
        null,
        1,
        0,
        0,
        0,
        0,
        null,
        null,
        null,
        null,
        null,
        null,
        null,
        null,
        null,
        1,
        1,
        4,
        null
      ],
      "/Users/john/Projects/WDi24-Homework/john_coote/week_10/day_02/fruistore/app/controllers/application_controller.rb": [
        1,
        1,
        null
      ],
      "/Users/john/Projects/WDi24-Homework/john_coote/week_10/day_02/fruistore/app/models/fruit.rb": [
        null,
        null,
        null,
        null,
        null,
        null,
        null,
        null,
        null,
        null,
        1,
        null,
        1,
        0,
        null,
        null,
        null
      ],
      "/Users/john/Projects/WDi24-Homework/john_coote/week_10/day_02/fruistore/app/models/application_record.rb": [
        1,
        1,
        null
      ]
    },
    "timestamp": 1515467380
  }
}
